<?xml version="1.0" encoding="UTF-8"?>
<testsuite xmlns:xsi="http://www.w3.org/2001/XMLSchema-instance" xsi:noNamespaceSchemaLocation="https://maven.apache.org/surefire/maven-surefire-plugin/xsd/surefire-test-report.xsd" version="3.0.2" name="ucab.edu.ve.stocksimulator.StockSimulatorApplicationTests" time="3.98" tests="1" errors="0" skipped="0" failures="0">
  <properties>
[...]
</properties>
  <testcase name="contextLoads" classname="ucab.edu.ve.stocksimulator.StockSimulatorApplicationTests" time="0.006">
    <system-out><![CDATA[2026-07-21T00:04:25.030Z  INFO 2983 --- [           main] t.c.s.AnnotationConfigContextLoaderUtils : Could not detect default configuration classes for test class [ucab.edu.ve.stocksimulator.StockSimulatorApplicationTests]: StockSimulatorApplicationTests does not declare any static, non-private, non-final, nested classes annotated with @Configuration.
2026-07-21T00:04:25.039Z  INFO 2983 --- [           main] .b.t.c.SpringBootTestContextBootstrapper : Found @SpringBootConfiguration ucab.edu.ve.stocksimulator.StockSimulatorApplication for test class ucab.edu.ve.stocksimulator.StockSimulatorApplicationTests

  .   ____          _            __ _ _
 /\\ / ___'_ __ _ _(_)_ __  __ _ \ \ \ \
( ( )\___ | '_ | '_| | '_ \/ _` | \ \ \ \
 \\/  ___)| |_)| | | | | || (_| |  ) ) ) )
  '  |____| .__|_| |_|_| |_\__, | / / / /
 =========|_|==============|___/=/_/_/_/

 :: Spring Boot ::                (v3.3.5)

2026-07-21T00:04:25.078Z  INFO 2983 --- [           main] u.e.v.s.StockSimulatorApplicationTests   : Starting StockSimulatorApplicationTests using Java 17.0.19 with PID 2983 (started by runner in /home/runner/work/stock-simulator-spring-SQA/stock-simulator-spring-SQA)
2026-07-21T00:04:25.079Z  INFO 2983 --- [           main] u.e.v.s.StockSimulatorApplicationTests   : No active profile set, falling back to 1 default profile: "default"
2026-07-21T00:04:25.430Z  INFO 2983 --- [           main] .s.d.r.c.RepositoryConfigurationDelegate : Bootstrapping Spring Data JPA repositories in DEFAULT mode.
2026-07-21T00:04:25.488Z  INFO 2983 --- [           main] .s.d.r.c.RepositoryConfigurationDelegate : Finished Spring Data repository scanning in 47 ms. Found 5 JPA repository interfaces.
2026-07-21T00:04:25.849Z  INFO 2983 --- [           main] o.hibernate.jpa.internal.util.LogHelper  : HHH000204: Processing PersistenceUnitInfo [name: default]
2026-07-21T00:04:25.936Z  INFO 2983 --- [           main] org.hibernate.Version                    : HHH000412: Hibernate ORM core version 6.5.3.Final
2026-07-21T00:04:25.990Z  INFO 2983 --- [           main] o.h.c.internal.RegionFactoryInitiator    : HHH000026: Second-level cache disabled
2026-07-21T00:04:26.173Z  INFO 2983 --- [           main] o.s.o.j.p.SpringPersistenceUnitInfo      : No LoadTimeWeaver setup: ignoring JPA class transformer
2026-07-21T00:04:26.221Z  INFO 2983 --- [           main] com.zaxxer.hikari.HikariDataSource       : HikariPool-1 - Starting...
2026-07-21T00:04:26.626Z  INFO 2983 --- [           main] com.zaxxer.hikari.pool.HikariPool        : HikariPool-1 - Added connection org.postgresql.jdbc.PgConnection@14c77f6d
2026-07-21T00:04:26.629Z  INFO 2983 --- [           main] com.zaxxer.hikari.HikariDataSource       : HikariPool-1 - Start completed.
2026-07-21T00:04:27.977Z  INFO 2983 --- [           main] o.h.e.t.j.p.i.JtaPlatformInitiator       : HHH000489: No JTA platform available (set 'hibernate.transaction.jta.platform' to enable JTA platform integration)
Hibernate: create table contactforms (id bigint generated by default as identity, text_message varchar(255), user_id bigint not null, primary key (id))
Hibernate: create table owned_stock (id bigint generated by default as identity, name varchar(255), quantity integer not null, ticker varchar(255), stockuser_id bigint not null, primary key (id))
Hibernate: create table stock (id bigint generated by default as identity, description varchar(255), name varchar(255), ticker varchar(255), primary key (id))
Hibernate: create table stockuser (id bigint generated by default as identity, admin boolean, confirmation_code varchar(255), email varchar(255) not null, first_name varchar(255), hashed_password varchar(255), last_name varchar(255), username varchar(255) not null, verified boolean, primary key (id))
Hibernate: create table transactions (id bigint generated by default as identity, amount float4, date date, name_stock varchar(255), quantity integer not null, ticker varchar(255), type varchar(255), issuer_id bigint, receptor_id bigint, primary key (id))
Hibernate: alter table if exists stock drop constraint if exists UKt18garrgaqnchmrc3xls507el
2026-07-21T00:04:28.079Z  WARN 2983 --- [           main] o.h.engine.jdbc.spi.SqlExceptionHelper   : SQL Warning Code: 0, SQLState: 00000
2026-07-21T00:04:28.080Z  WARN 2983 --- [           main] o.h.engine.jdbc.spi.SqlExceptionHelper   : constraint "ukt18garrgaqnchmrc3xls507el" of relation "stock" does not exist, skipping
Hibernate: alter table if exists stock add constraint UKt18garrgaqnchmrc3xls507el unique (ticker)
Hibernate: alter table if exists stockuser drop constraint if exists UKgdv3px70t5axms495rj4tdldv
2026-07-21T00:04:28.083Z  WARN 2983 --- [           main] o.h.engine.jdbc.spi.SqlExceptionHelper   : SQL Warning Code: 0, SQLState: 00000
2026-07-21T00:04:28.083Z  WARN 2983 --- [           main] o.h.engine.jdbc.spi.SqlExceptionHelper   : constraint "ukgdv3px70t5axms495rj4tdldv" of relation "stockuser" does not exist, skipping
Hibernate: alter table if exists stockuser add constraint UKgdv3px70t5axms495rj4tdldv unique (email)
Hibernate: alter table if exists stockuser drop constraint if exists UK8lnv204if6kwgxnubqxll9sdg
2026-07-21T00:04:28.085Z  WARN 2983 --- [           main] o.h.engine.jdbc.spi.SqlExceptionHelper   : SQL Warning Code: 0, SQLState: 00000
2026-07-21T00:04:28.085Z  WARN 2983 --- [           main] o.h.engine.jdbc.spi.SqlExceptionHelper   : constraint "uk8lnv204if6kwgxnubqxll9sdg" of relation "stockuser" does not exist, skipping
Hibernate: alter table if exists stockuser add constraint UK8lnv204if6kwgxnubqxll9sdg unique (username)
Hibernate: alter table if exists contactforms add constraint FK8ve12ncl8ljcdogc4o7qiw2yr foreign key (user_id) references stockuser
Hibernate: alter table if exists owned_stock add constraint FKrg0wi99ocyvs00daf4qy1x3aa foreign key (stockuser_id) references stockuser
Hibernate: alter table if exists transactions add constraint FK8nlldjcwy5ongg94llcltsl3a foreign key (issuer_id) references stockuser
Hibernate: alter table if exists transactions add constraint FKqc5c3rjsybk6b9q4cc9inl6na foreign key (receptor_id) references stockuser
2026-07-21T00:04:28.094Z  INFO 2983 --- [           main] j.LocalContainerEntityManagerFactoryBean : Initialized JPA EntityManagerFactory for persistence unit 'default'
2026-07-21T00:04:28.634Z  WARN 2983 --- [           main] JpaBaseConfiguration$JpaWebConfiguration : spring.jpa.open-in-view is enabled by default. Therefore, database queries may be performed during view rendering. Explicitly configure spring.jpa.open-in-view to disable this warning
2026-07-21T00:04:28.651Z  WARN 2983 --- [           main] .s.s.UserDetailsServiceAutoConfiguration : 

Using generated security password: 88a6859c-5232-4587-922b-c72ce12fdd20

This generated password is for development use only. Your security configuration must be updated before running your application in production.

2026-07-21T00:04:28.652Z  INFO 2983 --- [           main] r$InitializeUserDetailsManagerConfigurer : Global AuthenticationManager configured with UserDetailsService bean with name inMemoryUserDetailsManager
2026-07-21T00:04:28.999Z  INFO 2983 --- [           main] u.e.v.s.StockSimulatorApplicationTests   : Started StockSimulatorApplicationTests in 3.954 seconds (process running for 12.238)
]]></system-out>
  </testcase>
</testsuite>